

Started GET "/" for ::1 at 2016-01-13 13:45:09 +0100
Processing by Rails::WelcomeController#index as HTML
  Rendered /home/leoncastillejos/.rvm/gems/ruby-2.2.4/gems/railties-4.2.0/lib/rails/templates/rails/welcome/index.html.erb (1.6ms)
Completed 200 OK in 15ms (Views: 8.4ms | ActiveRecord: 0.0ms)
  [1m[36m (4.6ms)[0m  [1mCREATE TABLE "schema_migrations" ("version" character varying NOT NULL) [0m
  [1m[35m (3.1ms)[0m  CREATE UNIQUE INDEX  "unique_schema_migrations" ON "schema_migrations"  ("version")
  [1m[36mActiveRecord::SchemaMigration Load (0.3ms)[0m  [1mSELECT "schema_migrations".* FROM "schema_migrations"[0m
PG::UndefinedTable: ERROR:  relation "machines" does not exist
LINE 5:                WHERE a.attrelid = '"machines"'::regclass
                                          ^
:               SELECT a.attname, format_type(a.atttypid, a.atttypmod),
                     pg_get_expr(d.adbin, d.adrelid), a.attnotnull, a.atttypid, a.atttypmod
                FROM pg_attribute a LEFT JOIN pg_attrdef d
                  ON a.attrelid = d.adrelid AND a.attnum = d.adnum
               WHERE a.attrelid = '"machines"'::regclass
                 AND a.attnum > 0 AND NOT a.attisdropped
               ORDER BY a.attnum

  [1m[36mActiveRecord::SchemaMigration Load (0.2ms)[0m  [1mSELECT "schema_migrations".* FROM "schema_migrations"[0m
Migrating to CreateMachines (20160113131119)
  [1m[35m (0.1ms)[0m  BEGIN
  [1m[36m (7.9ms)[0m  [1mCREATE TABLE "machines" ("id" serial primary key, "name" character varying, "address" character varying, "created_at" timestamp NOT NULL, "updated_at" timestamp NOT NULL) [0m
  [1m[35mSQL (0.3ms)[0m  INSERT INTO "schema_migrations" ("version") VALUES ($1)  [["version", "20160113131119"]]
  [1m[36m (1.7ms)[0m  [1mCOMMIT[0m
  [1m[35mActiveRecord::SchemaMigration Load (0.2ms)[0m  SELECT "schema_migrations".* FROM "schema_migrations"
  [1m[36m (1.5ms)[0m  [1mSELECT t2.oid::regclass::text AS to_table, a1.attname AS column, a2.attname AS primary_key, c.conname AS name, c.confupdtype AS on_update, c.confdeltype AS on_delete
FROM pg_constraint c
JOIN pg_class t1 ON c.conrelid = t1.oid
JOIN pg_class t2 ON c.confrelid = t2.oid
JOIN pg_attribute a1 ON a1.attnum = c.conkey[1] AND a1.attrelid = t1.oid
JOIN pg_attribute a2 ON a2.attnum = c.confkey[1] AND a2.attrelid = t2.oid
JOIN pg_namespace t3 ON c.connamespace = t3.oid
WHERE c.contype = 'f'
  AND t1.relname = 'machines'
  AND t3.nspname = ANY (current_schemas(false))
ORDER BY c.conname
[0m
  [1m[36m (0.2ms)[0m  [1mBEGIN[0m
  [1m[35mSQL (0.5ms)[0m  INSERT INTO "machines" ("name", "address", "created_at", "updated_at") VALUES ($1, $2, $3, $4) RETURNING "id"  [["name", "asdfasdf"], ["address", "asdfsdafs"], ["created_at", "2016-01-13 13:15:41.429192"], ["updated_at", "2016-01-13 13:15:41.429192"]]
  [1m[36m (2.5ms)[0m  [1mCOMMIT[0m
  [1m[35m (0.4ms)[0m  SELECT COUNT(*) FROM "machines"
  [1m[36mMachine Load (0.2ms)[0m  [1mSELECT "machines".* FROM "machines" WHERE "machines"."name" = $1[0m  [["name", "asdfasdf"]]
  [1m[36mActiveRecord::SchemaMigration Load (0.2ms)[0m  [1mSELECT "schema_migrations".* FROM "schema_migrations"[0m
Migrating to CreateMachines (20160113131748)
  [1m[35m (0.1ms)[0m  BEGIN
  [1m[36m (1.3ms)[0m  [1mCREATE TABLE "machines" ("id" serial primary key, "name" character varying, "address" character varying, "created_at" timestamp NOT NULL, "updated_at" timestamp NOT NULL) [0m
PG::DuplicateTable: ERROR:  relation "machines" already exists
: CREATE TABLE "machines" ("id" serial primary key, "name" character varying, "address" character varying, "created_at" timestamp NOT NULL, "updated_at" timestamp NOT NULL) 
  [1m[35m (0.1ms)[0m  ROLLBACK
  [1m[36m (6.2ms)[0m  [1mCREATE TABLE "schema_migrations" ("version" character varying NOT NULL) [0m
  [1m[35m (3.1ms)[0m  CREATE UNIQUE INDEX  "unique_schema_migrations" ON "schema_migrations"  ("version")
  [1m[36mActiveRecord::SchemaMigration Load (0.2ms)[0m  [1mSELECT "schema_migrations".* FROM "schema_migrations"[0m
Migrating to CreateMachines (20160113131748)
  [1m[35m (0.2ms)[0m  BEGIN
  [1m[36m (6.0ms)[0m  [1mCREATE TABLE "machines" ("id" serial primary key, "name" character varying, "address" character varying, "created_at" timestamp NOT NULL, "updated_at" timestamp NOT NULL) [0m
  [1m[35mSQL (0.3ms)[0m  INSERT INTO "schema_migrations" ("version") VALUES ($1)  [["version", "20160113131748"]]
  [1m[36m (1.4ms)[0m  [1mCOMMIT[0m
  [1m[35mActiveRecord::SchemaMigration Load (0.2ms)[0m  SELECT "schema_migrations".* FROM "schema_migrations"
  [1m[36m (1.5ms)[0m  [1mSELECT t2.oid::regclass::text AS to_table, a1.attname AS column, a2.attname AS primary_key, c.conname AS name, c.confupdtype AS on_update, c.confdeltype AS on_delete
FROM pg_constraint c
JOIN pg_class t1 ON c.conrelid = t1.oid
JOIN pg_class t2 ON c.confrelid = t2.oid
JOIN pg_attribute a1 ON a1.attnum = c.conkey[1] AND a1.attrelid = t1.oid
JOIN pg_attribute a2 ON a2.attnum = c.confkey[1] AND a2.attrelid = t2.oid
JOIN pg_namespace t3 ON c.connamespace = t3.oid
WHERE c.contype = 'f'
  AND t1.relname = 'machines'
  AND t3.nspname = ANY (current_schemas(false))
ORDER BY c.conname
[0m


Started GET "/" for ::1 at 2016-01-13 14:19:16 +0100
  [1m[36mActiveRecord::SchemaMigration Load (0.4ms)[0m  [1mSELECT "schema_migrations".* FROM "schema_migrations"[0m
Processing by Rails::WelcomeController#index as HTML
  Rendered /home/leoncastillejos/.rvm/gems/ruby-1.9.3-p551/gems/railties-4.2.0/lib/rails/templates/rails/welcome/index.html.erb (21.6ms)
Completed 200 OK in 58ms (Views: 30.5ms | ActiveRecord: 0.0ms)


Started GET "/machines" for ::1 at 2016-01-13 14:19:23 +0100
Processing by MachinesController#index as HTML
  [1m[35mMachine Load (0.4ms)[0m  SELECT "machines".* FROM "machines"
  Rendered machines/index.html.erb within layouts/application (2.9ms)
Completed 200 OK in 1128ms (Views: 1125.5ms | ActiveRecord: 0.9ms)


Started GET "/assets/machines.self-e3b0c44298fc1c149afbf4c8996fb92427ae41e4649b934ca495991b7852b855.css?body=1" for ::1 at 2016-01-13 14:19:24 +0100


Started GET "/assets/jquery.self-c64a74367bda6ef8b860f19e74df08927ca99d2be2ac934e9e92d5fd361e0da4.js?body=1" for ::1 at 2016-01-13 14:19:24 +0100


Started GET "/assets/scaffolds.self-0782b005496ac6accf5f091485a6432fd7c4cd1dd66675de2f643f31e629b653.css?body=1" for ::1 at 2016-01-13 14:19:24 +0100


Started GET "/assets/turbolinks.self-c37727e9bd6b2735da5c311aa83fead54ed0be6cc8bd9a65309e9c5abe2cbfff.js?body=1" for ::1 at 2016-01-13 14:19:24 +0100


Started GET "/assets/application.self-e80e8f2318043e8af94dddc2adad5a4f09739a8ebb323b3ab31cd71d45fd9113.css?body=1" for ::1 at 2016-01-13 14:19:24 +0100


Started GET "/assets/jquery_ujs.self-d602bdfe68ffc63b9f9cc512872aa3cfff046228a0a36e90dd476e8ef54c1b09.js?body=1" for ::1 at 2016-01-13 14:19:24 +0100


Started GET "/assets/machines.self-877aef30ae1b040ab8a3aba4e3e309a11d7f2612f44dde450b5c157aa5f95c05.js?body=1" for ::1 at 2016-01-13 14:19:24 +0100


Started GET "/assets/application.self-3a3c8b61bda630ee689740ce7cbd0dd8ea6fdd45e2c42eef4661ab38cf268afe.js?body=1" for ::1 at 2016-01-13 14:19:24 +0100


Started GET "/machines/new" for ::1 at 2016-01-13 14:19:27 +0100
Processing by MachinesController#new as HTML
  Rendered machines/_form.html.erb (48.8ms)
  Rendered machines/new.html.erb within layouts/application (86.4ms)
Completed 200 OK in 101ms (Views: 96.0ms | ActiveRecord: 1.3ms)


Started POST "/machines" for ::1 at 2016-01-13 14:19:30 +0100
Processing by MachinesController#create as HTML
  Parameters: {"utf8"=>"✓", "authenticity_token"=>"XohISk3Imvl0yo3+SNBqn8FzO2TiMcs1bc848ZLJDKu4geic3sWbLH2iIWn/ni9WmK3AUOBRO3MY7Mvw1Vssjw==", "machine"=>{"name"=>"trgsdfg", "address"=>"gsdfgsdfgsdf"}, "commit"=>"Create Machine"}
  [1m[36m (0.2ms)[0m  [1mBEGIN[0m
  [1m[35mSQL (0.5ms)[0m  INSERT INTO "machines" ("name", "address", "created_at", "updated_at") VALUES ($1, $2, $3, $4) RETURNING "id"  [["name", "trgsdfg"], ["address", "gsdfgsdfgsdf"], ["created_at", "2016-01-13 13:19:30.298614"], ["updated_at", "2016-01-13 13:19:30.298614"]]
  [1m[36m (0.9ms)[0m  [1mCOMMIT[0m
Redirected to http://localhost:3000/machines/1
Completed 302 Found in 10ms (ActiveRecord: 1.7ms)


Started GET "/machines/1" for ::1 at 2016-01-13 14:19:30 +0100
Processing by MachinesController#show as HTML
  Parameters: {"id"=>"1"}
  [1m[35mMachine Load (0.3ms)[0m  SELECT  "machines".* FROM "machines" WHERE "machines"."id" = $1 LIMIT 1  [["id", 1]]
  Rendered machines/show.html.erb within layouts/application (0.7ms)
Completed 200 OK in 55ms (Views: 10.3ms | ActiveRecord: 0.3ms)


Started GET "/machines" for ::1 at 2016-01-13 14:19:32 +0100
Processing by MachinesController#index as HTML
  [1m[36mMachine Load (0.3ms)[0m  [1mSELECT "machines".* FROM "machines"[0m
  Rendered machines/index.html.erb within layouts/application (1.8ms)
Completed 200 OK in 11ms (Views: 10.4ms | ActiveRecord: 0.3ms)


Started GET "/machines/new" for ::1 at 2016-01-13 14:19:33 +0100
Processing by MachinesController#new as HTML
  Rendered machines/_form.html.erb (1.2ms)
  Rendered machines/new.html.erb within layouts/application (1.8ms)
Completed 200 OK in 57ms (Views: 56.5ms | ActiveRecord: 0.0ms)


Started POST "/machines" for ::1 at 2016-01-13 14:19:35 +0100
Processing by MachinesController#create as HTML
  Parameters: {"utf8"=>"✓", "authenticity_token"=>"xabpoSAD/FwjIsIWQZcRs5dcpkqHOM8EVovY6PKIqU4jr0l3sw79iSpKboH22VR6zoJdfoVYP0IjqCvptRqJag==", "machine"=>{"name"=>"sdfgsdfg", "address"=>"sdfgsdf"}, "commit"=>"Create Machine"}
  [1m[35m (0.2ms)[0m  BEGIN
  [1m[36mSQL (0.3ms)[0m  [1mINSERT INTO "machines" ("name", "address", "created_at", "updated_at") VALUES ($1, $2, $3, $4) RETURNING "id"[0m  [["name", "sdfgsdfg"], ["address", "sdfgsdf"], ["created_at", "2016-01-13 13:19:35.608083"], ["updated_at", "2016-01-13 13:19:35.608083"]]
  [1m[35m (0.9ms)[0m  COMMIT
Redirected to http://localhost:3000/machines/2
Completed 302 Found in 5ms (ActiveRecord: 1.3ms)


Started GET "/machines/2" for ::1 at 2016-01-13 14:19:35 +0100
Processing by MachinesController#show as HTML
  Parameters: {"id"=>"2"}
  [1m[36mMachine Load (0.4ms)[0m  [1mSELECT  "machines".* FROM "machines" WHERE "machines"."id" = $1 LIMIT 1[0m  [["id", 2]]
  Rendered machines/show.html.erb within layouts/application (0.3ms)
Completed 200 OK in 14ms (Views: 12.6ms | ActiveRecord: 0.4ms)


Started GET "/machines" for ::1 at 2016-01-13 14:19:37 +0100
Processing by MachinesController#index as HTML
  [1m[35mMachine Load (0.3ms)[0m  SELECT "machines".* FROM "machines"
  Rendered machines/index.html.erb within layouts/application (1.7ms)
Completed 200 OK in 13ms (Views: 12.2ms | ActiveRecord: 0.3ms)


Started GET "/machines" for ::1 at 2016-01-13 15:24:21 +0100
  [1m[36mActiveRecord::SchemaMigration Load (0.4ms)[0m  [1mSELECT "schema_migrations".* FROM "schema_migrations"[0m
Processing by MachinesController#index as HTML
  [1m[35mMachine Load (0.4ms)[0m  SELECT "machines".* FROM "machines"
  Rendered machines/index.html.erb within layouts/application (29.8ms)
Completed 200 OK in 315ms (Views: 284.0ms | ActiveRecord: 22.9ms)


Started DELETE "/machines/1" for ::1 at 2016-01-13 15:24:25 +0100
Processing by MachinesController#destroy as HTML
  Parameters: {"authenticity_token"=>"0A1Cdum1CAwXjiV6523BL/EjCwTGqm0Dw+4u/PMWKgE2BOKgergJ2R7mie1QI4TmqP3wMMTKnUW2zd39tIQKJQ==", "id"=>"1"}
  [1m[36mMachine Load (0.3ms)[0m  [1mSELECT  "machines".* FROM "machines" WHERE "machines"."id" = $1 LIMIT 1[0m  [["id", 1]]
  [1m[35m (0.1ms)[0m  BEGIN
  [1m[36mSQL (0.1ms)[0m  [1mDELETE FROM "machines" WHERE "machines"."id" = $1[0m  [["id", 1]]
  [1m[35m (2.4ms)[0m  COMMIT
Redirected to http://localhost:3000/machines
Completed 302 Found in 61ms (ActiveRecord: 3.2ms)


Started GET "/machines" for ::1 at 2016-01-13 15:24:25 +0100
Processing by MachinesController#index as HTML
  [1m[36mMachine Load (0.2ms)[0m  [1mSELECT "machines".* FROM "machines"[0m
  Rendered machines/index.html.erb within layouts/application (1.1ms)
Completed 200 OK in 12ms (Views: 11.6ms | ActiveRecord: 0.2ms)


Started DELETE "/machines/2" for ::1 at 2016-01-13 15:24:26 +0100
Processing by MachinesController#destroy as HTML
  Parameters: {"authenticity_token"=>"4H4zXNy9xlmN1RHtbn+oE2hBFpzS/bPJumgTbaMOR64Gd5OKT7DHjIS9vXrZMe3aMZ/tqNCdQ4/PS+Bs5Jxnig==", "id"=>"2"}
  [1m[35mMachine Load (0.3ms)[0m  SELECT  "machines".* FROM "machines" WHERE "machines"."id" = $1 LIMIT 1  [["id", 2]]
  [1m[36m (0.2ms)[0m  [1mBEGIN[0m
  [1m[35mSQL (0.2ms)[0m  DELETE FROM "machines" WHERE "machines"."id" = $1  [["id", 2]]
  [1m[36m (1.0ms)[0m  [1mCOMMIT[0m
Redirected to http://localhost:3000/machines
Completed 302 Found in 4ms (ActiveRecord: 1.7ms)


Started GET "/machines" for ::1 at 2016-01-13 15:24:26 +0100
Processing by MachinesController#index as HTML
  [1m[35mMachine Load (0.4ms)[0m  SELECT "machines".* FROM "machines"
  Rendered machines/index.html.erb within layouts/application (1.6ms)
Completed 200 OK in 15ms (Views: 13.8ms | ActiveRecord: 0.4ms)


Started GET "/machines/new" for ::1 at 2016-01-13 15:24:27 +0100
Processing by MachinesController#new as HTML
  Rendered machines/_form.html.erb (62.4ms)
  Rendered machines/new.html.erb within layouts/application (67.8ms)
Completed 200 OK in 81ms (Views: 79.0ms | ActiveRecord: 0.0ms)


Started POST "/machines" for ::1 at 2016-01-13 15:24:41 +0100
Processing by MachinesController#create as HTML
  Parameters: {"utf8"=>"✓", "authenticity_token"=>"Ixk8sYpiE8Hgt4eG8YMwz/ImVtw55eyI5QYDRKIMtr7FEJxnGW8SFOnfKxFGzXUGq/it6DuFHM6QJfBF5Z6Wmg==", "machine"=>{"name"=>"Local", "address"=>"http://localhost:3001/"}, "commit"=>"Create Machine"}
  [1m[36m (0.2ms)[0m  [1mBEGIN[0m
  [1m[35mSQL (0.3ms)[0m  INSERT INTO "machines" ("name", "address", "created_at", "updated_at") VALUES ($1, $2, $3, $4) RETURNING "id"  [["name", "Local"], ["address", "http://localhost:3001/"], ["created_at", "2016-01-13 14:24:41.670407"], ["updated_at", "2016-01-13 14:24:41.670407"]]
  [1m[36m (1.0ms)[0m  [1mCOMMIT[0m
Redirected to http://localhost:3000/machines/3
Completed 302 Found in 8ms (ActiveRecord: 1.5ms)


Started GET "/machines/3" for ::1 at 2016-01-13 15:24:41 +0100
Processing by MachinesController#show as HTML
  Parameters: {"id"=>"3"}
  [1m[35mMachine Load (0.3ms)[0m  SELECT  "machines".* FROM "machines" WHERE "machines"."id" = $1 LIMIT 1  [["id", 3]]
  Rendered machines/show.html.erb within layouts/application (1.2ms)
Completed 200 OK in 16ms (Views: 14.0ms | ActiveRecord: 0.3ms)


Started GET "/machines/3/edit" for ::1 at 2016-01-13 15:24:47 +0100
Processing by MachinesController#edit as HTML
  Parameters: {"id"=>"3"}
  [1m[36mMachine Load (0.3ms)[0m  [1mSELECT  "machines".* FROM "machines" WHERE "machines"."id" = $1 LIMIT 1[0m  [["id", 3]]
  Rendered machines/_form.html.erb (2.0ms)
  Rendered machines/edit.html.erb within layouts/application (3.3ms)
Completed 200 OK in 17ms (Views: 14.7ms | ActiveRecord: 0.3ms)


Started PATCH "/machines/3" for ::1 at 2016-01-13 15:24:53 +0100
Processing by MachinesController#update as HTML
  Parameters: {"utf8"=>"✓", "authenticity_token"=>"QZvYX+YXKSJ42ZMYIxu28fHQEn9It6Zk36Hco7UYpmenkniJdRoo93GxP4+UVfM4qA7pS0rXViKqgi+i8oqGQw==", "machine"=>{"name"=>"Local", "address"=>"http://localhost:3001/cpu.json"}, "commit"=>"Update Machine", "id"=>"3"}
  [1m[35mMachine Load (0.3ms)[0m  SELECT  "machines".* FROM "machines" WHERE "machines"."id" = $1 LIMIT 1  [["id", 3]]
  [1m[36m (0.2ms)[0m  [1mBEGIN[0m
  [1m[35mSQL (0.3ms)[0m  UPDATE "machines" SET "address" = $1, "updated_at" = $2 WHERE "machines"."id" = $3  [["address", "http://localhost:3001/cpu.json"], ["updated_at", "2016-01-13 14:24:53.328746"], ["id", 3]]
  [1m[36m (0.9ms)[0m  [1mCOMMIT[0m
Redirected to http://localhost:3000/machines/3
Completed 302 Found in 11ms (ActiveRecord: 1.7ms)


Started GET "/machines/3" for ::1 at 2016-01-13 15:24:53 +0100
Processing by MachinesController#show as HTML
  Parameters: {"id"=>"3"}
  [1m[35mMachine Load (0.3ms)[0m  SELECT  "machines".* FROM "machines" WHERE "machines"."id" = $1 LIMIT 1  [["id", 3]]
  Rendered machines/show.html.erb within layouts/application (0.3ms)
Completed 200 OK in 62ms (Views: 61.0ms | ActiveRecord: 0.3ms)


Started GET "/machines" for ::1 at 2016-01-13 15:25:04 +0100
Processing by MachinesController#index as HTML
  [1m[36mMachine Load (0.3ms)[0m  [1mSELECT "machines".* FROM "machines"[0m
  Rendered machines/index.html.erb within layouts/application (2.7ms)
Completed 200 OK in 16ms (Views: 14.4ms | ActiveRecord: 0.3ms)


Started GET "/machines/3" for ::1 at 2016-01-13 15:25:07 +0100
Processing by MachinesController#show as HTML
  Parameters: {"id"=>"3"}
  [1m[35mMachine Load (0.2ms)[0m  SELECT  "machines".* FROM "machines" WHERE "machines"."id" = $1 LIMIT 1  [["id", 3]]
  Rendered machines/show.html.erb within layouts/application (0.8ms)
Completed 200 OK in 14ms (Views: 12.1ms | ActiveRecord: 0.2ms)


Started GET "/machines/3" for ::1 at 2016-01-13 15:25:46 +0100
Processing by MachinesController#show as HTML
  Parameters: {"id"=>"3"}
  [1m[36mMachine Load (0.2ms)[0m  [1mSELECT  "machines".* FROM "machines" WHERE "machines"."id" = $1 LIMIT 1[0m  [["id", 3]]
  Rendered machines/show.html.erb within layouts/application (0.4ms)
Completed 200 OK in 14ms (Views: 11.8ms | ActiveRecord: 0.2ms)


Started GET "/machines/3" for ::1 at 2016-01-13 15:32:54 +0100
Processing by MachinesController#show as HTML
  Parameters: {"id"=>"3"}
  [1m[35mMachine Load (0.2ms)[0m  SELECT  "machines".* FROM "machines" WHERE "machines"."id" = $1 LIMIT 1  [["id", 3]]
  Rendered machines/show.html.erb within layouts/application (1.0ms)
Completed 200 OK in 575ms (Views: 57.5ms | ActiveRecord: 1.8ms)


Started GET "/assets/machines.self-e3b0c44298fc1c149afbf4c8996fb92427ae41e4649b934ca495991b7852b855.css?body=1" for ::1 at 2016-01-13 15:32:54 +0100


Started GET "/assets/application.self-e80e8f2318043e8af94dddc2adad5a4f09739a8ebb323b3ab31cd71d45fd9113.css?body=1" for ::1 at 2016-01-13 15:32:54 +0100


Started GET "/assets/jquery.self-c64a74367bda6ef8b860f19e74df08927ca99d2be2ac934e9e92d5fd361e0da4.js?body=1" for ::1 at 2016-01-13 15:32:54 +0100


Started GET "/assets/scaffolds.self-0782b005496ac6accf5f091485a6432fd7c4cd1dd66675de2f643f31e629b653.css?body=1" for ::1 at 2016-01-13 15:32:54 +0100


Started GET "/assets/turbolinks.self-c37727e9bd6b2735da5c311aa83fead54ed0be6cc8bd9a65309e9c5abe2cbfff.js?body=1" for ::1 at 2016-01-13 15:32:54 +0100


Started GET "/assets/jquery_ujs.self-d602bdfe68ffc63b9f9cc512872aa3cfff046228a0a36e90dd476e8ef54c1b09.js?body=1" for ::1 at 2016-01-13 15:32:54 +0100


Started GET "/assets/machines.self-877aef30ae1b040ab8a3aba4e3e309a11d7f2612f44dde450b5c157aa5f95c05.js?body=1" for ::1 at 2016-01-13 15:32:54 +0100


Started GET "/assets/application.self-3a3c8b61bda630ee689740ce7cbd0dd8ea6fdd45e2c42eef4661ab38cf268afe.js?body=1" for ::1 at 2016-01-13 15:32:54 +0100


Started GET "/machines/3" for ::1 at 2016-01-13 15:33:17 +0100
Processing by MachinesController#show as HTML
  Parameters: {"id"=>"3"}
  [1m[36mMachine Load (0.3ms)[0m  [1mSELECT  "machines".* FROM "machines" WHERE "machines"."id" = $1 LIMIT 1[0m  [["id", 3]]
  Rendered machines/show.html.erb within layouts/application (0.8ms)
Completed 200 OK in 60ms (Views: 11.7ms | ActiveRecord: 0.3ms)


Started GET "/assets/machines.self-e3b0c44298fc1c149afbf4c8996fb92427ae41e4649b934ca495991b7852b855.css?body=1" for ::1 at 2016-01-13 15:33:17 +0100


Started GET "/assets/jquery_ujs.self-d602bdfe68ffc63b9f9cc512872aa3cfff046228a0a36e90dd476e8ef54c1b09.js?body=1" for ::1 at 2016-01-13 15:33:17 +0100


Started GET "/assets/jquery.self-c64a74367bda6ef8b860f19e74df08927ca99d2be2ac934e9e92d5fd361e0da4.js?body=1" for ::1 at 2016-01-13 15:33:17 +0100


Started GET "/assets/application.self-e80e8f2318043e8af94dddc2adad5a4f09739a8ebb323b3ab31cd71d45fd9113.css?body=1" for ::1 at 2016-01-13 15:33:17 +0100


Started GET "/assets/scaffolds.self-0782b005496ac6accf5f091485a6432fd7c4cd1dd66675de2f643f31e629b653.css?body=1" for ::1 at 2016-01-13 15:33:17 +0100


Started GET "/assets/turbolinks.self-c37727e9bd6b2735da5c311aa83fead54ed0be6cc8bd9a65309e9c5abe2cbfff.js?body=1" for ::1 at 2016-01-13 15:33:17 +0100


Started GET "/assets/machines.self-877aef30ae1b040ab8a3aba4e3e309a11d7f2612f44dde450b5c157aa5f95c05.js?body=1" for ::1 at 2016-01-13 15:33:17 +0100


Started GET "/assets/application.self-3a3c8b61bda630ee689740ce7cbd0dd8ea6fdd45e2c42eef4661ab38cf268afe.js?body=1" for ::1 at 2016-01-13 15:33:17 +0100


Started GET "/machines/3" for ::1 at 2016-01-13 15:33:17 +0100
Processing by MachinesController#show as HTML
  Parameters: {"id"=>"3"}
  [1m[35mMachine Load (0.2ms)[0m  SELECT  "machines".* FROM "machines" WHERE "machines"."id" = $1 LIMIT 1  [["id", 3]]
  Rendered machines/show.html.erb within layouts/application (0.7ms)
Completed 200 OK in 19ms (Views: 12.2ms | ActiveRecord: 0.2ms)


Started GET "/assets/machines.self-e3b0c44298fc1c149afbf4c8996fb92427ae41e4649b934ca495991b7852b855.css?body=1" for ::1 at 2016-01-13 15:33:18 +0100


Started GET "/assets/scaffolds.self-0782b005496ac6accf5f091485a6432fd7c4cd1dd66675de2f643f31e629b653.css?body=1" for ::1 at 2016-01-13 15:33:18 +0100


Started GET "/assets/turbolinks.self-c37727e9bd6b2735da5c311aa83fead54ed0be6cc8bd9a65309e9c5abe2cbfff.js?body=1" for ::1 at 2016-01-13 15:33:18 +0100


Started GET "/assets/application.self-e80e8f2318043e8af94dddc2adad5a4f09739a8ebb323b3ab31cd71d45fd9113.css?body=1" for ::1 at 2016-01-13 15:33:18 +0100


Started GET "/assets/jquery.self-c64a74367bda6ef8b860f19e74df08927ca99d2be2ac934e9e92d5fd361e0da4.js?body=1" for ::1 at 2016-01-13 15:33:18 +0100


Started GET "/assets/jquery_ujs.self-d602bdfe68ffc63b9f9cc512872aa3cfff046228a0a36e90dd476e8ef54c1b09.js?body=1" for ::1 at 2016-01-13 15:33:18 +0100


Started GET "/assets/machines.self-877aef30ae1b040ab8a3aba4e3e309a11d7f2612f44dde450b5c157aa5f95c05.js?body=1" for ::1 at 2016-01-13 15:33:18 +0100


Started GET "/assets/application.self-3a3c8b61bda630ee689740ce7cbd0dd8ea6fdd45e2c42eef4661ab38cf268afe.js?body=1" for ::1 at 2016-01-13 15:33:18 +0100


Started GET "/machines/3" for ::1 at 2016-01-13 15:33:18 +0100
Processing by MachinesController#show as HTML
  Parameters: {"id"=>"3"}
  [1m[36mMachine Load (0.2ms)[0m  [1mSELECT  "machines".* FROM "machines" WHERE "machines"."id" = $1 LIMIT 1[0m  [["id", 3]]
  Rendered machines/show.html.erb within layouts/application (0.5ms)
Completed 200 OK in 18ms (Views: 11.9ms | ActiveRecord: 0.2ms)


Started GET "/assets/machines.self-e3b0c44298fc1c149afbf4c8996fb92427ae41e4649b934ca495991b7852b855.css?body=1" for ::1 at 2016-01-13 15:33:18 +0100


Started GET "/assets/jquery.self-c64a74367bda6ef8b860f19e74df08927ca99d2be2ac934e9e92d5fd361e0da4.js?body=1" for ::1 at 2016-01-13 15:33:18 +0100


Started GET "/assets/application.self-e80e8f2318043e8af94dddc2adad5a4f09739a8ebb323b3ab31cd71d45fd9113.css?body=1" for ::1 at 2016-01-13 15:33:18 +0100


Started GET "/assets/scaffolds.self-0782b005496ac6accf5f091485a6432fd7c4cd1dd66675de2f643f31e629b653.css?body=1" for ::1 at 2016-01-13 15:33:18 +0100


Started GET "/assets/jquery_ujs.self-d602bdfe68ffc63b9f9cc512872aa3cfff046228a0a36e90dd476e8ef54c1b09.js?body=1" for ::1 at 2016-01-13 15:33:18 +0100


Started GET "/assets/turbolinks.self-c37727e9bd6b2735da5c311aa83fead54ed0be6cc8bd9a65309e9c5abe2cbfff.js?body=1" for ::1 at 2016-01-13 15:33:18 +0100


Started GET "/assets/machines.self-877aef30ae1b040ab8a3aba4e3e309a11d7f2612f44dde450b5c157aa5f95c05.js?body=1" for ::1 at 2016-01-13 15:33:18 +0100


Started GET "/assets/application.self-3a3c8b61bda630ee689740ce7cbd0dd8ea6fdd45e2c42eef4661ab38cf268afe.js?body=1" for ::1 at 2016-01-13 15:33:18 +0100


Started GET "/machines/3" for ::1 at 2016-01-13 15:33:19 +0100
Processing by MachinesController#show as HTML
  Parameters: {"id"=>"3"}
  [1m[35mMachine Load (0.3ms)[0m  SELECT  "machines".* FROM "machines" WHERE "machines"."id" = $1 LIMIT 1  [["id", 3]]
  Rendered machines/show.html.erb within layouts/application (0.8ms)
Completed 200 OK in 21ms (Views: 13.9ms | ActiveRecord: 0.3ms)


Started GET "/assets/machines.self-e3b0c44298fc1c149afbf4c8996fb92427ae41e4649b934ca495991b7852b855.css?body=1" for ::1 at 2016-01-13 15:33:19 +0100


Started GET "/assets/scaffolds.self-0782b005496ac6accf5f091485a6432fd7c4cd1dd66675de2f643f31e629b653.css?body=1" for ::1 at 2016-01-13 15:33:19 +0100


Started GET "/assets/application.self-e80e8f2318043e8af94dddc2adad5a4f09739a8ebb323b3ab31cd71d45fd9113.css?body=1" for ::1 at 2016-01-13 15:33:19 +0100


Started GET "/assets/jquery.self-c64a74367bda6ef8b860f19e74df08927ca99d2be2ac934e9e92d5fd361e0da4.js?body=1" for ::1 at 2016-01-13 15:33:19 +0100


Started GET "/assets/jquery_ujs.self-d602bdfe68ffc63b9f9cc512872aa3cfff046228a0a36e90dd476e8ef54c1b09.js?body=1" for ::1 at 2016-01-13 15:33:19 +0100


Started GET "/assets/turbolinks.self-c37727e9bd6b2735da5c311aa83fead54ed0be6cc8bd9a65309e9c5abe2cbfff.js?body=1" for ::1 at 2016-01-13 15:33:19 +0100


Started GET "/assets/machines.self-877aef30ae1b040ab8a3aba4e3e309a11d7f2612f44dde450b5c157aa5f95c05.js?body=1" for ::1 at 2016-01-13 15:33:19 +0100


Started GET "/assets/application.self-3a3c8b61bda630ee689740ce7cbd0dd8ea6fdd45e2c42eef4661ab38cf268afe.js?body=1" for ::1 at 2016-01-13 15:33:19 +0100


Started GET "/machines/3" for ::1 at 2016-01-13 15:33:19 +0100
Processing by MachinesController#show as HTML
  Parameters: {"id"=>"3"}
  [1m[36mMachine Load (0.3ms)[0m  [1mSELECT  "machines".* FROM "machines" WHERE "machines"."id" = $1 LIMIT 1[0m  [["id", 3]]
  Rendered machines/show.html.erb within layouts/application (0.8ms)
Completed 200 OK in 21ms (Views: 14.5ms | ActiveRecord: 0.3ms)


Started GET "/assets/scaffolds.self-0782b005496ac6accf5f091485a6432fd7c4cd1dd66675de2f643f31e629b653.css?body=1" for ::1 at 2016-01-13 15:33:19 +0100


Started GET "/assets/machines.self-e3b0c44298fc1c149afbf4c8996fb92427ae41e4649b934ca495991b7852b855.css?body=1" for ::1 at 2016-01-13 15:33:19 +0100


Started GET "/assets/application.self-e80e8f2318043e8af94dddc2adad5a4f09739a8ebb323b3ab31cd71d45fd9113.css?body=1" for ::1 at 2016-01-13 15:33:19 +0100


Started GET "/assets/turbolinks.self-c37727e9bd6b2735da5c311aa83fead54ed0be6cc8bd9a65309e9c5abe2cbfff.js?body=1" for ::1 at 2016-01-13 15:33:19 +0100


Started GET "/assets/jquery.self-c64a74367bda6ef8b860f19e74df08927ca99d2be2ac934e9e92d5fd361e0da4.js?body=1" for ::1 at 2016-01-13 15:33:19 +0100


Started GET "/assets/jquery_ujs.self-d602bdfe68ffc63b9f9cc512872aa3cfff046228a0a36e90dd476e8ef54c1b09.js?body=1" for ::1 at 2016-01-13 15:33:19 +0100


Started GET "/assets/application.self-3a3c8b61bda630ee689740ce7cbd0dd8ea6fdd45e2c42eef4661ab38cf268afe.js?body=1" for ::1 at 2016-01-13 15:33:19 +0100


Started GET "/assets/machines.self-877aef30ae1b040ab8a3aba4e3e309a11d7f2612f44dde450b5c157aa5f95c05.js?body=1" for ::1 at 2016-01-13 15:33:19 +0100


Started GET "/machines/3" for ::1 at 2016-01-13 15:33:20 +0100
Processing by MachinesController#show as HTML
  Parameters: {"id"=>"3"}
  [1m[35mMachine Load (0.3ms)[0m  SELECT  "machines".* FROM "machines" WHERE "machines"."id" = $1 LIMIT 1  [["id", 3]]
  Rendered machines/show.html.erb within layouts/application (0.9ms)
Completed 200 OK in 22ms (Views: 13.4ms | ActiveRecord: 0.3ms)


Started GET "/assets/machines.self-e3b0c44298fc1c149afbf4c8996fb92427ae41e4649b934ca495991b7852b855.css?body=1" for ::1 at 2016-01-13 15:33:20 +0100


Started GET "/assets/application.self-e80e8f2318043e8af94dddc2adad5a4f09739a8ebb323b3ab31cd71d45fd9113.css?body=1" for ::1 at 2016-01-13 15:33:20 +0100


Started GET "/assets/scaffolds.self-0782b005496ac6accf5f091485a6432fd7c4cd1dd66675de2f643f31e629b653.css?body=1" for ::1 at 2016-01-13 15:33:20 +0100


Started GET "/assets/turbolinks.self-c37727e9bd6b2735da5c311aa83fead54ed0be6cc8bd9a65309e9c5abe2cbfff.js?body=1" for ::1 at 2016-01-13 15:33:20 +0100


Started GET "/assets/jquery.self-c64a74367bda6ef8b860f19e74df08927ca99d2be2ac934e9e92d5fd361e0da4.js?body=1" for ::1 at 2016-01-13 15:33:20 +0100


Started GET "/assets/jquery_ujs.self-d602bdfe68ffc63b9f9cc512872aa3cfff046228a0a36e90dd476e8ef54c1b09.js?body=1" for ::1 at 2016-01-13 15:33:20 +0100


Started GET "/assets/machines.self-877aef30ae1b040ab8a3aba4e3e309a11d7f2612f44dde450b5c157aa5f95c05.js?body=1" for ::1 at 2016-01-13 15:33:20 +0100


Started GET "/assets/application.self-3a3c8b61bda630ee689740ce7cbd0dd8ea6fdd45e2c42eef4661ab38cf268afe.js?body=1" for ::1 at 2016-01-13 15:33:20 +0100


Started GET "/machines/3" for ::1 at 2016-01-13 15:33:20 +0100
Processing by MachinesController#show as HTML
  Parameters: {"id"=>"3"}
  [1m[36mMachine Load (0.3ms)[0m  [1mSELECT  "machines".* FROM "machines" WHERE "machines"."id" = $1 LIMIT 1[0m  [["id", 3]]
  Rendered machines/show.html.erb within layouts/application (0.6ms)
Completed 200 OK in 22ms (Views: 14.1ms | ActiveRecord: 0.3ms)


Started GET "/assets/machines.self-e3b0c44298fc1c149afbf4c8996fb92427ae41e4649b934ca495991b7852b855.css?body=1" for ::1 at 2016-01-13 15:33:20 +0100


Started GET "/assets/scaffolds.self-0782b005496ac6accf5f091485a6432fd7c4cd1dd66675de2f643f31e629b653.css?body=1" for ::1 at 2016-01-13 15:33:20 +0100


Started GET "/assets/jquery.self-c64a74367bda6ef8b860f19e74df08927ca99d2be2ac934e9e92d5fd361e0da4.js?body=1" for ::1 at 2016-01-13 15:33:20 +0100


Started GET "/assets/turbolinks.self-c37727e9bd6b2735da5c311aa83fead54ed0be6cc8bd9a65309e9c5abe2cbfff.js?body=1" for ::1 at 2016-01-13 15:33:20 +0100


Started GET "/assets/jquery_ujs.self-d602bdfe68ffc63b9f9cc512872aa3cfff046228a0a36e90dd476e8ef54c1b09.js?body=1" for ::1 at 2016-01-13 15:33:20 +0100


Started GET "/assets/application.self-e80e8f2318043e8af94dddc2adad5a4f09739a8ebb323b3ab31cd71d45fd9113.css?body=1" for ::1 at 2016-01-13 15:33:20 +0100


Started GET "/assets/machines.self-877aef30ae1b040ab8a3aba4e3e309a11d7f2612f44dde450b5c157aa5f95c05.js?body=1" for ::1 at 2016-01-13 15:33:20 +0100


Started GET "/assets/application.self-3a3c8b61bda630ee689740ce7cbd0dd8ea6fdd45e2c42eef4661ab38cf268afe.js?body=1" for ::1 at 2016-01-13 15:33:20 +0100


Started GET "/machines/3" for ::1 at 2016-01-13 15:33:21 +0100
Processing by MachinesController#show as HTML
  Parameters: {"id"=>"3"}
  [1m[35mMachine Load (0.2ms)[0m  SELECT  "machines".* FROM "machines" WHERE "machines"."id" = $1 LIMIT 1  [["id", 3]]
  Rendered machines/show.html.erb within layouts/application (0.8ms)
Completed 200 OK in 20ms (Views: 13.0ms | ActiveRecord: 0.2ms)


Started GET "/assets/scaffolds.self-0782b005496ac6accf5f091485a6432fd7c4cd1dd66675de2f643f31e629b653.css?body=1" for ::1 at 2016-01-13 15:33:21 +0100


Started GET "/assets/application.self-e80e8f2318043e8af94dddc2adad5a4f09739a8ebb323b3ab31cd71d45fd9113.css?body=1" for ::1 at 2016-01-13 15:33:21 +0100


Started GET "/assets/jquery_ujs.self-d602bdfe68ffc63b9f9cc512872aa3cfff046228a0a36e90dd476e8ef54c1b09.js?body=1" for ::1 at 2016-01-13 15:33:21 +0100


Started GET "/assets/jquery.self-c64a74367bda6ef8b860f19e74df08927ca99d2be2ac934e9e92d5fd361e0da4.js?body=1" for ::1 at 2016-01-13 15:33:21 +0100


Started GET "/assets/machines.self-e3b0c44298fc1c149afbf4c8996fb92427ae41e4649b934ca495991b7852b855.css?body=1" for ::1 at 2016-01-13 15:33:21 +0100


Started GET "/assets/machines.self-877aef30ae1b040ab8a3aba4e3e309a11d7f2612f44dde450b5c157aa5f95c05.js?body=1" for ::1 at 2016-01-13 15:33:21 +0100


Started GET "/assets/application.self-3a3c8b61bda630ee689740ce7cbd0dd8ea6fdd45e2c42eef4661ab38cf268afe.js?body=1" for ::1 at 2016-01-13 15:33:21 +0100


Started GET "/assets/turbolinks.self-c37727e9bd6b2735da5c311aa83fead54ed0be6cc8bd9a65309e9c5abe2cbfff.js?body=1" for ::1 at 2016-01-13 15:33:21 +0100


Started GET "/machines/3" for ::1 at 2016-01-13 15:33:21 +0100
Processing by MachinesController#show as HTML
  Parameters: {"id"=>"3"}
  [1m[36mMachine Load (0.2ms)[0m  [1mSELECT  "machines".* FROM "machines" WHERE "machines"."id" = $1 LIMIT 1[0m  [["id", 3]]
  Rendered machines/show.html.erb within layouts/application (0.6ms)
Completed 200 OK in 19ms (Views: 12.5ms | ActiveRecord: 0.2ms)


Started GET "/assets/machines.self-e3b0c44298fc1c149afbf4c8996fb92427ae41e4649b934ca495991b7852b855.css?body=1" for ::1 at 2016-01-13 15:33:21 +0100


Started GET "/assets/scaffolds.self-0782b005496ac6accf5f091485a6432fd7c4cd1dd66675de2f643f31e629b653.css?body=1" for ::1 at 2016-01-13 15:33:21 +0100


Started GET "/assets/jquery.self-c64a74367bda6ef8b860f19e74df08927ca99d2be2ac934e9e92d5fd361e0da4.js?body=1" for ::1 at 2016-01-13 15:33:21 +0100


Started GET "/assets/application.self-e80e8f2318043e8af94dddc2adad5a4f09739a8ebb323b3ab31cd71d45fd9113.css?body=1" for ::1 at 2016-01-13 15:33:21 +0100


Started GET "/assets/turbolinks.self-c37727e9bd6b2735da5c311aa83fead54ed0be6cc8bd9a65309e9c5abe2cbfff.js?body=1" for ::1 at 2016-01-13 15:33:21 +0100


Started GET "/assets/jquery_ujs.self-d602bdfe68ffc63b9f9cc512872aa3cfff046228a0a36e90dd476e8ef54c1b09.js?body=1" for ::1 at 2016-01-13 15:33:21 +0100


Started GET "/assets/machines.self-877aef30ae1b040ab8a3aba4e3e309a11d7f2612f44dde450b5c157aa5f95c05.js?body=1" for ::1 at 2016-01-13 15:33:21 +0100


Started GET "/assets/application.self-3a3c8b61bda630ee689740ce7cbd0dd8ea6fdd45e2c42eef4661ab38cf268afe.js?body=1" for ::1 at 2016-01-13 15:33:21 +0100


Started GET "/machines/3" for ::1 at 2016-01-13 15:33:22 +0100
Processing by MachinesController#show as HTML
  Parameters: {"id"=>"3"}
  [1m[35mMachine Load (0.2ms)[0m  SELECT  "machines".* FROM "machines" WHERE "machines"."id" = $1 LIMIT 1  [["id", 3]]
  Rendered machines/show.html.erb within layouts/application (0.9ms)
Completed 200 OK in 67ms (Views: 13.6ms | ActiveRecord: 0.2ms)


Started GET "/assets/machines.self-e3b0c44298fc1c149afbf4c8996fb92427ae41e4649b934ca495991b7852b855.css?body=1" for ::1 at 2016-01-13 15:33:22 +0100


Started GET "/assets/scaffolds.self-0782b005496ac6accf5f091485a6432fd7c4cd1dd66675de2f643f31e629b653.css?body=1" for ::1 at 2016-01-13 15:33:22 +0100


Started GET "/assets/jquery_ujs.self-d602bdfe68ffc63b9f9cc512872aa3cfff046228a0a36e90dd476e8ef54c1b09.js?body=1" for ::1 at 2016-01-13 15:33:22 +0100


Started GET "/assets/jquery.self-c64a74367bda6ef8b860f19e74df08927ca99d2be2ac934e9e92d5fd361e0da4.js?body=1" for ::1 at 2016-01-13 15:33:22 +0100


Started GET "/assets/turbolinks.self-c37727e9bd6b2735da5c311aa83fead54ed0be6cc8bd9a65309e9c5abe2cbfff.js?body=1" for ::1 at 2016-01-13 15:33:22 +0100


Started GET "/assets/application.self-e80e8f2318043e8af94dddc2adad5a4f09739a8ebb323b3ab31cd71d45fd9113.css?body=1" for ::1 at 2016-01-13 15:33:22 +0100


Started GET "/assets/machines.self-877aef30ae1b040ab8a3aba4e3e309a11d7f2612f44dde450b5c157aa5f95c05.js?body=1" for ::1 at 2016-01-13 15:33:22 +0100


Started GET "/assets/application.self-3a3c8b61bda630ee689740ce7cbd0dd8ea6fdd45e2c42eef4661ab38cf268afe.js?body=1" for ::1 at 2016-01-13 15:33:22 +0100


Started GET "/machines/3" for ::1 at 2016-01-13 15:34:29 +0100
  [1m[36mActiveRecord::SchemaMigration Load (0.4ms)[0m  [1mSELECT "schema_migrations".* FROM "schema_migrations"[0m
Processing by MachinesController#show as HTML
  Parameters: {"id"=>"3"}
  [1m[35mMachine Load (0.3ms)[0m  SELECT  "machines".* FROM "machines" WHERE "machines"."id" = $1 LIMIT 1  [["id", 3]]
  Rendered machines/show.html.erb within layouts/application (115532.2ms)
Completed 200 OK in 116078ms (Views: 116027.8ms | ActiveRecord: 2.3ms)


Started GET "/assets/machines.self-e3b0c44298fc1c149afbf4c8996fb92427ae41e4649b934ca495991b7852b855.css?body=1" for ::1 at 2016-01-13 15:36:25 +0100


Started GET "/assets/scaffolds.self-0782b005496ac6accf5f091485a6432fd7c4cd1dd66675de2f643f31e629b653.css?body=1" for ::1 at 2016-01-13 15:36:25 +0100


Started GET "/assets/application.self-e80e8f2318043e8af94dddc2adad5a4f09739a8ebb323b3ab31cd71d45fd9113.css?body=1" for ::1 at 2016-01-13 15:36:25 +0100


Started GET "/assets/jquery_ujs.self-d602bdfe68ffc63b9f9cc512872aa3cfff046228a0a36e90dd476e8ef54c1b09.js?body=1" for ::1 at 2016-01-13 15:36:25 +0100


Started GET "/assets/jquery.self-c64a74367bda6ef8b860f19e74df08927ca99d2be2ac934e9e92d5fd361e0da4.js?body=1" for ::1 at 2016-01-13 15:36:25 +0100


Started GET "/assets/machines.self-877aef30ae1b040ab8a3aba4e3e309a11d7f2612f44dde450b5c157aa5f95c05.js?body=1" for ::1 at 2016-01-13 15:36:25 +0100


Started GET "/assets/turbolinks.self-c37727e9bd6b2735da5c311aa83fead54ed0be6cc8bd9a65309e9c5abe2cbfff.js?body=1" for ::1 at 2016-01-13 15:36:25 +0100


Started GET "/assets/application.self-3a3c8b61bda630ee689740ce7cbd0dd8ea6fdd45e2c42eef4661ab38cf268afe.js?body=1" for ::1 at 2016-01-13 15:36:25 +0100


Started GET "/machines/3" for ::1 at 2016-01-13 15:36:27 +0100
Processing by MachinesController#show as HTML
  Parameters: {"id"=>"3"}
  [1m[36mMachine Load (0.4ms)[0m  [1mSELECT  "machines".* FROM "machines" WHERE "machines"."id" = $1 LIMIT 1[0m  [["id", 3]]


Started GET "/machines/3" for ::1 at 2016-01-13 15:36:44 +0100
  [1m[36mActiveRecord::SchemaMigration Load (0.3ms)[0m  [1mSELECT "schema_migrations".* FROM "schema_migrations"[0m
Processing by MachinesController#show as HTML
  Parameters: {"id"=>"3"}
  [1m[35mMachine Load (0.4ms)[0m  SELECT  "machines".* FROM "machines" WHERE "machines"."id" = $1 LIMIT 1  [["id", 3]]


Started GET "/machines/3" for ::1 at 2016-01-13 15:37:14 +0100
  [1m[36mActiveRecord::SchemaMigration Load (0.4ms)[0m  [1mSELECT "schema_migrations".* FROM "schema_migrations"[0m
Processing by MachinesController#show as HTML
  Parameters: {"id"=>"3"}
  [1m[35mMachine Load (0.4ms)[0m  SELECT  "machines".* FROM "machines" WHERE "machines"."id" = $1 LIMIT 1  [["id", 3]]
  Rendered machines/show.html.erb within layouts/application (234430.0ms)
Completed 200 OK in 234930ms (Views: 234843.8ms | ActiveRecord: 2.8ms)


Started GET "/assets/machines.self-e3b0c44298fc1c149afbf4c8996fb92427ae41e4649b934ca495991b7852b855.css?body=1" for ::1 at 2016-01-13 15:41:09 +0100


Started GET "/machines/3" for ::1 at 2016-01-13 15:41:21 +0100
  [1m[36mActiveRecord::SchemaMigration Load (0.3ms)[0m  [1mSELECT "schema_migrations".* FROM "schema_migrations"[0m
Processing by MachinesController#show as HTML
  Parameters: {"id"=>"3"}
  [1m[35mMachine Load (0.3ms)[0m  SELECT  "machines".* FROM "machines" WHERE "machines"."id" = $1 LIMIT 1  [["id", 3]]
  Rendered machines/show.html.erb within layouts/application (2.4ms)
Completed 200 OK in 347ms (Views: 296.1ms | ActiveRecord: 2.2ms)


Started GET "/assets/machines.self-e3b0c44298fc1c149afbf4c8996fb92427ae41e4649b934ca495991b7852b855.css?body=1" for ::1 at 2016-01-13 15:41:22 +0100


Started GET "/assets/scaffolds.self-0782b005496ac6accf5f091485a6432fd7c4cd1dd66675de2f643f31e629b653.css?body=1" for ::1 at 2016-01-13 15:41:22 +0100


Started GET "/assets/application.self-e80e8f2318043e8af94dddc2adad5a4f09739a8ebb323b3ab31cd71d45fd9113.css?body=1" for ::1 at 2016-01-13 15:41:22 +0100


Started GET "/assets/jquery.self-c64a74367bda6ef8b860f19e74df08927ca99d2be2ac934e9e92d5fd361e0da4.js?body=1" for ::1 at 2016-01-13 15:41:22 +0100


Started GET "/assets/jquery_ujs.self-d602bdfe68ffc63b9f9cc512872aa3cfff046228a0a36e90dd476e8ef54c1b09.js?body=1" for ::1 at 2016-01-13 15:41:22 +0100


Started GET "/assets/turbolinks.self-c37727e9bd6b2735da5c311aa83fead54ed0be6cc8bd9a65309e9c5abe2cbfff.js?body=1" for ::1 at 2016-01-13 15:41:22 +0100


Started GET "/assets/machines.self-877aef30ae1b040ab8a3aba4e3e309a11d7f2612f44dde450b5c157aa5f95c05.js?body=1" for ::1 at 2016-01-13 15:41:22 +0100


Started GET "/assets/application.self-3a3c8b61bda630ee689740ce7cbd0dd8ea6fdd45e2c42eef4661ab38cf268afe.js?body=1" for ::1 at 2016-01-13 15:41:22 +0100


Started GET "/machines/3" for ::1 at 2016-01-13 15:42:47 +0100
Processing by MachinesController#show as HTML
  Parameters: {"id"=>"3"}
  [1m[36mMachine Load (0.3ms)[0m  [1mSELECT  "machines".* FROM "machines" WHERE "machines"."id" = $1 LIMIT 1[0m  [["id", 3]]
  Rendered machines/show.html.erb within layouts/application (0.4ms)
Completed 200 OK in 20ms (Views: 13.3ms | ActiveRecord: 0.3ms)


Started GET "/assets/machines.self-e3b0c44298fc1c149afbf4c8996fb92427ae41e4649b934ca495991b7852b855.css?body=1" for ::1 at 2016-01-13 15:42:47 +0100


Started GET "/assets/application.self-e80e8f2318043e8af94dddc2adad5a4f09739a8ebb323b3ab31cd71d45fd9113.css?body=1" for ::1 at 2016-01-13 15:42:47 +0100


Started GET "/assets/scaffolds.self-0782b005496ac6accf5f091485a6432fd7c4cd1dd66675de2f643f31e629b653.css?body=1" for ::1 at 2016-01-13 15:42:47 +0100


Started GET "/assets/jquery.self-c64a74367bda6ef8b860f19e74df08927ca99d2be2ac934e9e92d5fd361e0da4.js?body=1" for ::1 at 2016-01-13 15:42:47 +0100


Started GET "/assets/jquery_ujs.self-d602bdfe68ffc63b9f9cc512872aa3cfff046228a0a36e90dd476e8ef54c1b09.js?body=1" for ::1 at 2016-01-13 15:42:47 +0100


Started GET "/assets/turbolinks.self-c37727e9bd6b2735da5c311aa83fead54ed0be6cc8bd9a65309e9c5abe2cbfff.js?body=1" for ::1 at 2016-01-13 15:42:47 +0100


Started GET "/assets/machines.self-877aef30ae1b040ab8a3aba4e3e309a11d7f2612f44dde450b5c157aa5f95c05.js?body=1" for ::1 at 2016-01-13 15:42:47 +0100


Started GET "/assets/application.self-3a3c8b61bda630ee689740ce7cbd0dd8ea6fdd45e2c42eef4661ab38cf268afe.js?body=1" for ::1 at 2016-01-13 15:42:47 +0100


Started GET "/machines/3" for ::1 at 2016-01-13 15:42:53 +0100
Processing by MachinesController#show as HTML
  Parameters: {"id"=>"3"}
  [1m[35mMachine Load (0.4ms)[0m  SELECT  "machines".* FROM "machines" WHERE "machines"."id" = $1 LIMIT 1  [["id", 3]]
  Rendered machines/show.html.erb within layouts/application (1.2ms)
Completed 200 OK in 24ms (Views: 16.3ms | ActiveRecord: 0.4ms)


Started GET "/assets/machines.self-e3b0c44298fc1c149afbf4c8996fb92427ae41e4649b934ca495991b7852b855.css?body=1" for ::1 at 2016-01-13 15:42:53 +0100


Started GET "/assets/application.self-e80e8f2318043e8af94dddc2adad5a4f09739a8ebb323b3ab31cd71d45fd9113.css?body=1" for ::1 at 2016-01-13 15:42:53 +0100


Started GET "/assets/jquery.self-c64a74367bda6ef8b860f19e74df08927ca99d2be2ac934e9e92d5fd361e0da4.js?body=1" for ::1 at 2016-01-13 15:42:53 +0100


Started GET "/assets/scaffolds.self-0782b005496ac6accf5f091485a6432fd7c4cd1dd66675de2f643f31e629b653.css?body=1" for ::1 at 2016-01-13 15:42:53 +0100


Started GET "/assets/jquery_ujs.self-d602bdfe68ffc63b9f9cc512872aa3cfff046228a0a36e90dd476e8ef54c1b09.js?body=1" for ::1 at 2016-01-13 15:42:53 +0100


Started GET "/assets/turbolinks.self-c37727e9bd6b2735da5c311aa83fead54ed0be6cc8bd9a65309e9c5abe2cbfff.js?body=1" for ::1 at 2016-01-13 15:42:53 +0100


Started GET "/assets/machines.self-877aef30ae1b040ab8a3aba4e3e309a11d7f2612f44dde450b5c157aa5f95c05.js?body=1" for ::1 at 2016-01-13 15:42:53 +0100


Started GET "/assets/application.self-3a3c8b61bda630ee689740ce7cbd0dd8ea6fdd45e2c42eef4661ab38cf268afe.js?body=1" for ::1 at 2016-01-13 15:42:53 +0100
  [1m[36mMachine Load (0.3ms)[0m  [1mSELECT "machines".* FROM "machines"[0m
  [1m[35mMachine Load (0.3ms)[0m  SELECT "machines".* FROM "machines"
  [1m[36mMachine Load (0.3ms)[0m  [1mSELECT "machines".* FROM "machines"[0m
  [1m[36mMachine Load (0.3ms)[0m  [1mSELECT "machines".* FROM "machines"[0m
  [1m[35mMachine Load (0.4ms)[0m  SELECT "machines".* FROM "machines"
  [1m[36mMachine Load (0.4ms)[0m  [1mSELECT "machines".* FROM "machines"[0m
  [1m[35mMachine Load (0.3ms)[0m  SELECT "machines".* FROM "machines"
  [1m[36mMachine Load (0.3ms)[0m  [1mSELECT "machines".* FROM "machines"[0m
  [1m[35mMachine Load (0.3ms)[0m  SELECT "machines".* FROM "machines"
  [1m[36mMachine Load (0.4ms)[0m  [1mSELECT "machines".* FROM "machines"[0m
  [1m[36mMachine Load (0.3ms)[0m  [1mSELECT "machines".* FROM "machines"[0m
  [1m[35mMachine Load (0.6ms)[0m  SELECT "machines".* FROM "machines"
  [1m[36mMachine Load (0.3ms)[0m  [1mSELECT "machines".* FROM "machines"[0m
  [1m[35mMachine Load (0.3ms)[0m  SELECT "machines".* FROM "machines"
  [1m[36mMachine Load (0.3ms)[0m  [1mSELECT "machines".* FROM "machines"[0m
  [1m[35mMachine Load (0.3ms)[0m  SELECT "machines".* FROM "machines"
  [1m[36mMachine Load (0.3ms)[0m  [1mSELECT "machines".* FROM "machines"[0m
  [1m[35mMachine Load (0.3ms)[0m  SELECT "machines".* FROM "machines"
  [1m[36mMachine Load (0.4ms)[0m  [1mSELECT "machines".* FROM "machines"[0m
  [1m[35mMachine Load (0.3ms)[0m  SELECT "machines".* FROM "machines"
  [1m[36mMachine Load (0.5ms)[0m  [1mSELECT "machines".* FROM "machines"[0m
  [1m[35mMachine Load (0.2ms)[0m  SELECT "machines".* FROM "machines"
  [1m[36mMachine Load (0.3ms)[0m  [1mSELECT "machines".* FROM "machines"[0m
  [1m[35mMachine Load (0.3ms)[0m  SELECT "machines".* FROM "machines"
  [1m[36mMachine Load (0.4ms)[0m  [1mSELECT "machines".* FROM "machines"[0m
  [1m[35mMachine Load (0.3ms)[0m  SELECT "machines".* FROM "machines"
  [1m[36mMachine Load (0.3ms)[0m  [1mSELECT "machines".* FROM "machines"[0m
  [1m[35mMachine Load (0.3ms)[0m  SELECT "machines".* FROM "machines"
  [1m[36mMachine Load (0.3ms)[0m  [1mSELECT "machines".* FROM "machines"[0m
  [1m[35mMachine Load (0.3ms)[0m  SELECT "machines".* FROM "machines"
  [1m[36mMachine Load (0.3ms)[0m  [1mSELECT "machines".* FROM "machines"[0m
  [1m[35mMachine Load (0.3ms)[0m  SELECT "machines".* FROM "machines"
  [1m[36m (0.2ms)[0m  [1mBEGIN[0m
  [1m[35mSQL (0.4ms)[0m  INSERT INTO "machines" ("name", "address", "created_at", "updated_at") VALUES ($1, $2, $3, $4) RETURNING "id"  [["name", "asdfasdf"], ["address", "http://localhost:3001/cpu"], ["created_at", "2016-01-13 16:46:11.763985"], ["updated_at", "2016-01-13 16:46:11.763985"]]
  [1m[36m (1.0ms)[0m  [1mCOMMIT[0m
  [1m[35mMachine Load (0.3ms)[0m  SELECT "machines".* FROM "machines"
  [1m[36m (0.2ms)[0m  [1mBEGIN[0m
  [1m[35mSQL (0.2ms)[0m  INSERT INTO "machines" ("name", "address", "created_at", "updated_at") VALUES ($1, $2, $3, $4) RETURNING "id"  [["name", "asdfasdf"], ["address", "http://localhost:3001/cpu.json"], ["created_at", "2016-01-13 16:46:53.705379"], ["updated_at", "2016-01-13 16:46:53.705379"]]
  [1m[36m (2.5ms)[0m  [1mCOMMIT[0m
  [1m[35mMachine Load (0.3ms)[0m  SELECT "machines".* FROM "machines"
  [1m[36mMachine Load (0.3ms)[0m  [1mSELECT  "machines".* FROM "machines" WHERE "machines"."id" = $1 LIMIT 1[0m  [["id", 4]]
  [1m[35mSQL (2.6ms)[0m  DELETE FROM "machines" WHERE "machines"."id" = $1  [["id", 4]]
  [1m[36mMachine Load (0.3ms)[0m  [1mSELECT "machines".* FROM "machines"[0m
  [1m[35mMachine Load (0.3ms)[0m  SELECT "machines".* FROM "machines"
  [1m[36mMachine Load (0.3ms)[0m  [1mSELECT "machines".* FROM "machines"[0m
  [1m[35mMachine Load (0.3ms)[0m  SELECT "machines".* FROM "machines"
  [1m[36mMachine Load (0.3ms)[0m  [1mSELECT "machines".* FROM "machines"[0m
  [1m[35mMachine Load (0.3ms)[0m  SELECT "machines".* FROM "machines"
  [1m[36mMachine Load (0.4ms)[0m  [1mSELECT "machines".* FROM "machines"[0m
  [1m[35mMachine Load (0.3ms)[0m  SELECT "machines".* FROM "machines"


Started GET "/" for ::1 at 2016-01-13 19:50:16 +0100
  [1m[36mActiveRecord::SchemaMigration Load (0.6ms)[0m  [1mSELECT "schema_migrations".* FROM "schema_migrations"[0m
Processing by Rails::WelcomeController#index as HTML
  Rendered /home/leoncastillejos/.rvm/gems/ruby-1.9.3-p551/gems/railties-4.2.0/lib/rails/templates/rails/welcome/index.html.erb (26.7ms)
Completed 200 OK in 72ms (Views: 36.0ms | ActiveRecord: 0.0ms)


Started GET "/" for ::1 at 2016-01-13 19:50:17 +0100
Processing by Rails::WelcomeController#index as HTML
  Rendered /home/leoncastillejos/.rvm/gems/ruby-1.9.3-p551/gems/railties-4.2.0/lib/rails/templates/rails/welcome/index.html.erb (0.0ms)
Completed 200 OK in 1ms (Views: 0.7ms | ActiveRecord: 0.0ms)


Started GET "/cpu" for ::1 at 2016-01-13 19:50:25 +0100

ActionController::RoutingError (No route matches [GET] "/cpu"):
  actionpack (4.2.0) lib/action_dispatch/middleware/debug_exceptions.rb:21:in `call'
  web-console (2.2.1) lib/web_console/middleware.rb:39:in `call'
  actionpack (4.2.0) lib/action_dispatch/middleware/show_exceptions.rb:30:in `call'
  railties (4.2.0) lib/rails/rack/logger.rb:38:in `call_app'
  railties (4.2.0) lib/rails/rack/logger.rb:20:in `block in call'
  activesupport (4.2.0) lib/active_support/tagged_logging.rb:68:in `block in tagged'
  activesupport (4.2.0) lib/active_support/tagged_logging.rb:26:in `tagged'
  activesupport (4.2.0) lib/active_support/tagged_logging.rb:68:in `tagged'
  railties (4.2.0) lib/rails/rack/logger.rb:20:in `call'
  actionpack (4.2.0) lib/action_dispatch/middleware/request_id.rb:21:in `call'
  rack (1.6.4) lib/rack/methodoverride.rb:22:in `call'
  rack (1.6.4) lib/rack/runtime.rb:18:in `call'
  activesupport (4.2.0) lib/active_support/cache/strategy/local_cache_middleware.rb:28:in `call'
  rack (1.6.4) lib/rack/lock.rb:17:in `call'
  actionpack (4.2.0) lib/action_dispatch/middleware/static.rb:113:in `call'
  rack (1.6.4) lib/rack/sendfile.rb:113:in `call'
  railties (4.2.0) lib/rails/engine.rb:518:in `call'
  railties (4.2.0) lib/rails/application.rb:164:in `call'
  rack (1.6.4) lib/rack/lock.rb:17:in `call'
  rack (1.6.4) lib/rack/content_length.rb:15:in `call'
  rack (1.6.4) lib/rack/handler/webrick.rb:88:in `service'
  /home/leoncastillejos/.rvm/rubies/ruby-1.9.3-p551/lib/ruby/1.9.1/webrick/httpserver.rb:138:in `service'
  /home/leoncastillejos/.rvm/rubies/ruby-1.9.3-p551/lib/ruby/1.9.1/webrick/httpserver.rb:94:in `run'
  /home/leoncastillejos/.rvm/rubies/ruby-1.9.3-p551/lib/ruby/1.9.1/webrick/server.rb:191:in `block in start_thread'


  Rendered /home/leoncastillejos/.rvm/gems/ruby-1.9.3-p551/gems/actionpack-4.2.0/lib/action_dispatch/middleware/templates/rescues/_trace.html.erb (1.3ms)
  Rendered /home/leoncastillejos/.rvm/gems/ruby-1.9.3-p551/gems/actionpack-4.2.0/lib/action_dispatch/middleware/templates/routes/_route.html.erb (0.9ms)
  Rendered /home/leoncastillejos/.rvm/gems/ruby-1.9.3-p551/gems/actionpack-4.2.0/lib/action_dispatch/middleware/templates/routes/_table.html.erb (51.1ms)
  Rendered /home/leoncastillejos/.rvm/gems/ruby-1.9.3-p551/gems/actionpack-4.2.0/lib/action_dispatch/middleware/templates/rescues/_request_and_response.html.erb (1.4ms)
  Rendered /home/leoncastillejos/.rvm/gems/ruby-1.9.3-p551/gems/actionpack-4.2.0/lib/action_dispatch/middleware/templates/rescues/routing_error.html.erb within rescues/layout (75.5ms)
  Rendered /home/leoncastillejos/.rvm/gems/ruby-1.9.3-p551/gems/web-console-2.2.1/lib/web_console/templates/_markup.html.erb (0.2ms)
  Rendered /home/leoncastillejos/.rvm/gems/ruby-1.9.3-p551/gems/web-console-2.2.1/lib/web_console/templates/_inner_console_markup.html.erb within layouts/inlined_string (0.2ms)
  Rendered /home/leoncastillejos/.rvm/gems/ruby-1.9.3-p551/gems/web-console-2.2.1/lib/web_console/templates/_prompt_box_markup.html.erb within layouts/inlined_string (0.2ms)
  Rendered /home/leoncastillejos/.rvm/gems/ruby-1.9.3-p551/gems/web-console-2.2.1/lib/web_console/templates/style.css.erb within layouts/inlined_string (0.2ms)
  Rendered /home/leoncastillejos/.rvm/gems/ruby-1.9.3-p551/gems/web-console-2.2.1/lib/web_console/templates/console.js.erb within layouts/javascript (10.3ms)
  Rendered /home/leoncastillejos/.rvm/gems/ruby-1.9.3-p551/gems/web-console-2.2.1/lib/web_console/templates/main.js.erb within layouts/javascript (0.2ms)
  Rendered /home/leoncastillejos/.rvm/gems/ruby-1.9.3-p551/gems/web-console-2.2.1/lib/web_console/templates/error_page.js.erb within layouts/javascript (0.2ms)
  Rendered /home/leoncastillejos/.rvm/gems/ruby-1.9.3-p551/gems/web-console-2.2.1/lib/web_console/templates/index.html.erb (21.5ms)


Started GET "/cpu.json" for ::1 at 2016-01-13 19:50:31 +0100

ActionController::RoutingError (No route matches [GET] "/cpu.json"):
  actionpack (4.2.0) lib/action_dispatch/middleware/debug_exceptions.rb:21:in `call'
  web-console (2.2.1) lib/web_console/middleware.rb:39:in `call'
  actionpack (4.2.0) lib/action_dispatch/middleware/show_exceptions.rb:30:in `call'
  railties (4.2.0) lib/rails/rack/logger.rb:38:in `call_app'
  railties (4.2.0) lib/rails/rack/logger.rb:20:in `block in call'
  activesupport (4.2.0) lib/active_support/tagged_logging.rb:68:in `block in tagged'
  activesupport (4.2.0) lib/active_support/tagged_logging.rb:26:in `tagged'
  activesupport (4.2.0) lib/active_support/tagged_logging.rb:68:in `tagged'
  railties (4.2.0) lib/rails/rack/logger.rb:20:in `call'
  actionpack (4.2.0) lib/action_dispatch/middleware/request_id.rb:21:in `call'
  rack (1.6.4) lib/rack/methodoverride.rb:22:in `call'
  rack (1.6.4) lib/rack/runtime.rb:18:in `call'
  activesupport (4.2.0) lib/active_support/cache/strategy/local_cache_middleware.rb:28:in `call'
  rack (1.6.4) lib/rack/lock.rb:17:in `call'
  actionpack (4.2.0) lib/action_dispatch/middleware/static.rb:113:in `call'
  rack (1.6.4) lib/rack/sendfile.rb:113:in `call'
  railties (4.2.0) lib/rails/engine.rb:518:in `call'
  railties (4.2.0) lib/rails/application.rb:164:in `call'
  rack (1.6.4) lib/rack/lock.rb:17:in `call'
  rack (1.6.4) lib/rack/content_length.rb:15:in `call'
  rack (1.6.4) lib/rack/handler/webrick.rb:88:in `service'
  /home/leoncastillejos/.rvm/rubies/ruby-1.9.3-p551/lib/ruby/1.9.1/webrick/httpserver.rb:138:in `service'
  /home/leoncastillejos/.rvm/rubies/ruby-1.9.3-p551/lib/ruby/1.9.1/webrick/httpserver.rb:94:in `run'
  /home/leoncastillejos/.rvm/rubies/ruby-1.9.3-p551/lib/ruby/1.9.1/webrick/server.rb:191:in `block in start_thread'


  Rendered /home/leoncastillejos/.rvm/gems/ruby-1.9.3-p551/gems/actionpack-4.2.0/lib/action_dispatch/middleware/templates/rescues/_trace.html.erb (1.2ms)
  Rendered /home/leoncastillejos/.rvm/gems/ruby-1.9.3-p551/gems/actionpack-4.2.0/lib/action_dispatch/middleware/templates/routes/_route.html.erb (1.0ms)
  Rendered /home/leoncastillejos/.rvm/gems/ruby-1.9.3-p551/gems/actionpack-4.2.0/lib/action_dispatch/middleware/templates/routes/_table.html.erb (1.7ms)
  Rendered /home/leoncastillejos/.rvm/gems/ruby-1.9.3-p551/gems/actionpack-4.2.0/lib/action_dispatch/middleware/templates/rescues/_request_and_response.html.erb (1.4ms)
  Rendered /home/leoncastillejos/.rvm/gems/ruby-1.9.3-p551/gems/actionpack-4.2.0/lib/action_dispatch/middleware/templates/rescues/routing_error.html.erb within rescues/layout (23.1ms)
  Rendered /home/leoncastillejos/.rvm/gems/ruby-1.9.3-p551/gems/web-console-2.2.1/lib/web_console/templates/_markup.html.erb (0.6ms)
  Rendered /home/leoncastillejos/.rvm/gems/ruby-1.9.3-p551/gems/web-console-2.2.1/lib/web_console/templates/_inner_console_markup.html.erb within layouts/inlined_string (0.3ms)
  Rendered /home/leoncastillejos/.rvm/gems/ruby-1.9.3-p551/gems/web-console-2.2.1/lib/web_console/templates/_prompt_box_markup.html.erb within layouts/inlined_string (0.6ms)
  Rendered /home/leoncastillejos/.rvm/gems/ruby-1.9.3-p551/gems/web-console-2.2.1/lib/web_console/templates/style.css.erb within layouts/inlined_string (0.5ms)
  Rendered /home/leoncastillejos/.rvm/gems/ruby-1.9.3-p551/gems/web-console-2.2.1/lib/web_console/templates/console.js.erb within layouts/javascript (16.1ms)
  Rendered /home/leoncastillejos/.rvm/gems/ruby-1.9.3-p551/gems/web-console-2.2.1/lib/web_console/templates/main.js.erb within layouts/javascript (0.4ms)
  Rendered /home/leoncastillejos/.rvm/gems/ruby-1.9.3-p551/gems/web-console-2.2.1/lib/web_console/templates/error_page.js.erb within layouts/javascript (0.4ms)
  Rendered /home/leoncastillejos/.rvm/gems/ruby-1.9.3-p551/gems/web-console-2.2.1/lib/web_console/templates/index.html.erb (33.2ms)


Started GET "/machines" for ::1 at 2016-01-13 19:50:41 +0100
Processing by MachinesController#index as HTML
  [1m[35mMachine Load (0.4ms)[0m  SELECT "machines".* FROM "machines"
  Rendered machines/index.html.erb within layouts/application (8.1ms)
Completed 200 OK in 301ms (Views: 296.7ms | ActiveRecord: 2.3ms)
